<?xml version="1.0" encoding="UTF-8"?>
<!-- Generated by org.testng.reporters.JUnitReportReporter -->
<testsuite hostname="DESKTOP-H9JGRTT" failures="0" tests="1" name="com.project.test.HomePageTest" time="9.235" errors="0" timestamp="2022-11-08T19:58:57 IST" skipped="0">
  <testcase classname="com.project.test.HomePageTest" name="logoDisplayed" time="9.235"/>
  <system-out/>
</testsuite> <!-- com.project.test.HomePageTest -->
