<?xml version="1.0" encoding="UTF-8"?>
<!-- Generated by org.testng.reporters.JUnitReportReporter -->
<testsuite hostname="DESKTOP-H9JGRTT" failures="0" tests="1" name="com.project.test.RegisterPageTest" time="22.018" errors="0" timestamp="2022-11-08T19:56:45 IST" skipped="0">
  <testcase classname="com.project.test.RegisterPageTest" name="Registration" time="22.018"/>
  <system-out/>
</testsuite> <!-- com.project.test.RegisterPageTest -->
