<?xml version="1.0" encoding="UTF-8"?>
<!-- Generated by org.testng.reporters.JUnitReportReporter -->
<testsuite hostname="DESKTOP-HFUG0EO" failures="0" tests="1" name="com.project.test.RegisterPageTest" time="37.701" errors="0" timestamp="2022-11-07T20:41:21 IST" skipped="0">
  <testcase classname="com.project.test.RegisterPageTest" name="Registration" time="37.701"/>
  <system-out/>
</testsuite> <!-- com.project.test.RegisterPageTest -->
