<?xml version="1.0" encoding="UTF-8"?>
<!-- Generated by org.testng.reporters.JUnitReportReporter -->
<testsuite hostname="DESKTOP-M1237OQ" failures="0" tests="1" name="com.project.test.DatePickTest" time="24.106" errors="0" timestamp="2022-11-07T18:32:25 IST" skipped="0">
  <testcase classname="com.project.test.DatePickTest" name="datesel" time="24.106"/>
  <system-out/>
</testsuite> <!-- com.project.test.DatePickTest -->
