<?xml version="1.0" encoding="UTF-8"?>
<!-- Generated by org.testng.reporters.JUnitReportReporter -->
<testsuite hostname="DESKTOP-H9JGRTT" failures="0" tests="1" name="com.project.test.DatePickTest" time="15.596" errors="0" timestamp="2022-11-08T19:58:13 IST" skipped="0">
  <testcase classname="com.project.test.DatePickTest" name="datesel" time="15.596"/>
  <system-out/>
</testsuite> <!-- com.project.test.DatePickTest -->
