<?xml version="1.0" encoding="UTF-8"?>
<!-- Generated by org.testng.reporters.JUnitReportReporter -->
<testsuite hostname="DESKTOP-HFUG0EO" failures="0" tests="1" name="com.project.test.HomePageTest" time="26.892" errors="0" timestamp="2022-11-04T22:35:49 IST" skipped="0">
  <testcase classname="com.project.test.HomePageTest" name="logoDisplayed" time="26.892"/>
  <system-out/>
</testsuite> <!-- com.project.test.HomePageTest -->
