<?xml version="1.0" encoding="UTF-8"?>
<!-- Generated by org.testng.reporters.JUnitReportReporter -->
<testsuite hostname="DESKTOP-M1237OQ" failures="0" tests="1" name="com.project.test.HomePageTest" time="8.954" errors="0" timestamp="2022-11-06T22:28:59 IST" skipped="0">
  <testcase classname="com.project.test.HomePageTest" name="logoDisplayed" time="8.954"/>
  <system-out/>
</testsuite> <!-- com.project.test.HomePageTest -->
